0 info it worked if it ends with ok
1 verbose cli [ 'node', '/usr/local/bin/npm', 'publish' ]
2 info using npm@1.4.9
3 info using node@v0.10.28
4 verbose publish [ '.' ]
5 verbose cache add [ '.', null ]
6 verbose cache add name=undefined spec="." args=[".",null]
7 verbose parsed url { protocol: null,
7 verbose parsed url   slashes: null,
7 verbose parsed url   auth: null,
7 verbose parsed url   host: null,
7 verbose parsed url   port: null,
7 verbose parsed url   hostname: null,
7 verbose parsed url   hash: null,
7 verbose parsed url   search: null,
7 verbose parsed url   query: null,
7 verbose parsed url   pathname: '.',
7 verbose parsed url   path: '.',
7 verbose parsed url   href: '.' }
8 silly lockFile 3a52ce78- .
9 verbose lock . /Users/mzapaia/.npm/3a52ce78-.lock
10 verbose tar pack [ '/var/folders/_j/4v1cfjpd0tx7sv_wr427m8vw0000gn/T/npm-29135-ca1wqJAk/1407850620967-0.9877754740882665/tmp.tgz',
10 verbose tar pack   '.' ]
11 verbose tarball /var/folders/_j/4v1cfjpd0tx7sv_wr427m8vw0000gn/T/npm-29135-ca1wqJAk/1407850620967-0.9877754740882665/tmp.tgz
12 verbose folder .
13 info prepublish zetam@0.2.28
14 silly lockFile 1f1177db-tar tar://.
15 verbose lock tar://. /Users/mzapaia/.npm/1f1177db-tar.lock
16 silly lockFile 89af6351-20967-0-9877754740882665-tmp-tgz tar:///var/folders/_j/4v1cfjpd0tx7sv_wr427m8vw0000gn/T/npm-29135-ca1wqJAk/1407850620967-0.9877754740882665/tmp.tgz
17 verbose lock tar:///var/folders/_j/4v1cfjpd0tx7sv_wr427m8vw0000gn/T/npm-29135-ca1wqJAk/1407850620967-0.9877754740882665/tmp.tgz /Users/mzapaia/.npm/89af6351-20967-0-9877754740882665-tmp-tgz.lock
18 silly lockFile 1f1177db-tar tar://.
19 silly lockFile 1f1177db-tar tar://.
20 silly lockFile 89af6351-20967-0-9877754740882665-tmp-tgz tar:///var/folders/_j/4v1cfjpd0tx7sv_wr427m8vw0000gn/T/npm-29135-ca1wqJAk/1407850620967-0.9877754740882665/tmp.tgz
21 silly lockFile 89af6351-20967-0-9877754740882665-tmp-tgz tar:///var/folders/_j/4v1cfjpd0tx7sv_wr427m8vw0000gn/T/npm-29135-ca1wqJAk/1407850620967-0.9877754740882665/tmp.tgz
22 verbose tar unpack /var/folders/_j/4v1cfjpd0tx7sv_wr427m8vw0000gn/T/npm-29135-ca1wqJAk/1407850620967-0.9877754740882665/tmp.tgz
23 silly lockFile 8856ed4c-mzapaia-npm-zetam-0-2-28-package tar:///Users/mzapaia/.npm/zetam/0.2.28/package
24 verbose lock tar:///Users/mzapaia/.npm/zetam/0.2.28/package /Users/mzapaia/.npm/8856ed4c-mzapaia-npm-zetam-0-2-28-package.lock
25 silly lockFile 89af6351-20967-0-9877754740882665-tmp-tgz tar:///var/folders/_j/4v1cfjpd0tx7sv_wr427m8vw0000gn/T/npm-29135-ca1wqJAk/1407850620967-0.9877754740882665/tmp.tgz
26 verbose lock tar:///var/folders/_j/4v1cfjpd0tx7sv_wr427m8vw0000gn/T/npm-29135-ca1wqJAk/1407850620967-0.9877754740882665/tmp.tgz /Users/mzapaia/.npm/89af6351-20967-0-9877754740882665-tmp-tgz.lock
27 silly gunzTarPerm modes [ '755', '644' ]
28 silly gunzTarPerm extractEntry package.json
29 silly gunzTarPerm extractEntry .npmignore
30 silly gunzTarPerm extractEntry README.md
31 silly gunzTarPerm extractEntry LICENSE
32 silly gunzTarPerm extractEntry component.js
33 silly gunzTarPerm extractEntry page.js
34 silly gunzTarPerm extractEntry gulp.js
35 silly gunzTarPerm extractEntry index.js
36 silly gunzTarPerm extractEntry load.js
37 silly gunzTarPerm extractEntry module.js
38 silly gunzTarPerm extractEntry utils.js
39 silly gunzTarPerm extractEntry middleware.js
40 silly gunzTarPerm extractEntry controllers/components.js
41 silly gunzTarPerm extractEntry pages/components/controller.js
42 silly gunzTarPerm extractEntry pages/components/i18n.json
43 silly gunzTarPerm extractEntry pages/components/template.html
44 silly gunzTarPerm extractEntry pull.sh
45 silly gunzTarPerm extractEntry push.sh
46 silly lockFile 8856ed4c-mzapaia-npm-zetam-0-2-28-package tar:///Users/mzapaia/.npm/zetam/0.2.28/package
47 silly lockFile 8856ed4c-mzapaia-npm-zetam-0-2-28-package tar:///Users/mzapaia/.npm/zetam/0.2.28/package
48 silly lockFile 89af6351-20967-0-9877754740882665-tmp-tgz tar:///var/folders/_j/4v1cfjpd0tx7sv_wr427m8vw0000gn/T/npm-29135-ca1wqJAk/1407850620967-0.9877754740882665/tmp.tgz
49 silly lockFile 89af6351-20967-0-9877754740882665-tmp-tgz tar:///var/folders/_j/4v1cfjpd0tx7sv_wr427m8vw0000gn/T/npm-29135-ca1wqJAk/1407850620967-0.9877754740882665/tmp.tgz
50 silly lockFile 3a52ce78- .
51 silly lockFile 3a52ce78- .
52 silly publish { name: 'zetam',
52 silly publish   description: '(In progress)',
52 silly publish   version: '0.2.28',
52 silly publish   engines: { node: '>0.10.1' },
52 silly publish   author: { name: 'Marcelo Zapaia' },
52 silly publish   repository: { type: 'git', url: 'https://github.com/qzapaia/zetam.git' },
52 silly publish   keywords: [ 'express', 'web', 'framework', 'zeta' ],
52 silly publish   main: 'index.js',
52 silly publish   license: 'ISC',
52 silly publish   dependencies:
52 silly publish    { async: '^0.9.0',
52 silly publish      cheerio: '^0.17.0',
52 silly publish      gulp: '^3.8.5',
52 silly publish      'gulp-autoprefixer': '0.0.8',
52 silly publish      'gulp-browserify': '^0.5.0',
52 silly publish      'gulp-less': '^1.2.4',
52 silly publish      'gulp-livereload': '^2.1.0',
52 silly publish      'gulp-load-plugins': '^0.5.3',
52 silly publish      'gulp-nodemon': '^1.0.4',
52 silly publish      'gulp-plumber': '^0.6.3',
52 silly publish      'gulp-rename': '^1.2.0',
52 silly publish      'gulp-watch': '^0.6.8',
52 silly publish      'html-minifier': '^0.6.5',
52 silly publish      mustache: '^0.8.2' },
52 silly publish   readmeFilename: 'README.md',
52 silly publish   readme: 'Zetam\n-----\nZetam is a middleware for express that makes frontend development easy. It\'s based on two basic concepts: Pages and Components\n\nInstall\n-----------\n\n```sh\nnpm install zetam\n```\n\nMiddleware\n-------------\n\n```js\n// app.js\nvar z = require(\'zetam\');\nvar express = require(\'express\');\nvar app = new express();\n\napp.use(function(req,res,next){\n    // this is needed for i18n\n    req.config.locale = \'es\';\n    next();\n});\n\n// the potato\napp.use(z.middleware);\n\napp.listen(3000,function () {\n    console.log(\'running on port \' + port);\n});\n```\n\nMiddlware has several functions. The most important: routing.\n\nExample:\n```sh\nGET http://localhost:3000/myFirstPage\n```\nWill load **myFirstPage** page and execute **get** method (see https://github.com/qzapaia/zetam#pages).\n\n\nAlso, the middleware will transform all the pathname into an **resource** object that is passed to the page controller.\n\n```sh\nPOST http://localhost:3000/user/9876/post/1234\n```\nWill load **user** page, and execute **post** method (from the controller). This is how the **resource** would looks like.\n\n```js\n{ \n    name: \'user\',\n    id: \'9876\',\n    subresource: { \n        name: \'post\', \n        id: \'1234\' \n    } \n}\n```\n\nreq.config\n----------\n\n```js\n// app.js\nvar z = require(\'zetam\');\nvar express = require(\'express\');\nvar app = new express();\n\napp.use(function(req,res,next){\n    // this is needed for i18n\n    req.config = {\n        locale:\'es\',\n        siteName:\'mySite\'\n    }\n    next();\n});\n\n// the potato\napp.use(z.middleware);\n\napp.listen(3000,function () {\n    console.log(\'running on port \' + port);\n});\n```\n\nreq.config object is the way to send data to all pages and components. For example **req.config.locale** is used to choice the language and render i18n.json objects inside templates. Also all the req.config is passed to the pages and components controllers like the **globals** object.\n\nPages\n-------------\nPages are the initial logic piece for every URL. Each one has it own templates, server and client side logic.\n\nExample pages directory structure:\n\n - **project**\n     - app.js\n     - **pages**\n         - **index**\n         - **example**\n         - **products**\n\nInside each page directory, five files are needed.\n\n**project/pages/example**\n\n - controller.js\n - i18n.json (optional)\n - template.html\n - bundle.less\n - view.js\n\n```js\n//project/pages/example/controller.js\n\nexports.get = function (conf,cb) {\n\n    // conf: has globals object (req.config), and resource object (pathname)\n    // cb: callback function. It receives two parameters: error and model object (plain object to be passed to the template)\n    console.log(conf);\n    cb(null,{title:\'page title\'})\n}\n```\n\n```js\n//project/pages/example/i18n.json\n// Zetam will merge this two objects based on req.config.locale value ("es" for this example) and pass it to the template\n\n{\n    "all": {\n        "greetings": "Howdy stranger !",\n        "bye": "Bye bye !!! Please come back",\n    },\n    "es": {\n        "greetings": "Hola !!"\n    }\n}\n\n```\n```css\n// has page LESS styles, and also import all the components LESS stylesheets used on the page. It\'s automatically compiled to public directory (public/css/pages/example.css) if you use zetam.gulp task.\n\n@import "components/signup/styles";\n@import "less/globals/colors";\n\nbody{\n    background-color:@mainColor;\n    font-family: sans-serif;\n    \n    header {\n        height: 6rem;\n        margin: auto;\n    }\n}\n```\n\n```html\n<!--project/pages/example/template.html-->\n\n<!DOCTYPE html>\n<html lang="es">\n<head>\n    <link rel="stylesheet" href="/css/pages/example.css">\n    <title>{{model.title}}</title>\n    <!-- model object comes from controller reponse -->\n</head>\n<body data-country="{{i18n.locale}}">\n    <header>\n        <h1>\n           {{i18n.greetings}}\n           <!-- This will print "Hola !!" -->\n        </h1>\n        <h2></h2>\n    </header>\n    \n    <div data-component="homePage"></div>\n    <!-- This inject the homePage component (see Components section) -->\n    \n    <footer>\n        {{i18n.bye}}\n        <!-- This will print "Bye bye !!! Please come back" -->\n    </footer>\n\n    <script src="/js/pages/example.js"></script>\n</body>\n</html>\n```\n```js\n// It\'s a browserify module, so you can import and use node modules. Also it is helpfull to import component view logic (bundle). it\'s also compiled by the zetam.gulp task into the public directory (public/js/pages/example.js).\n\n// importing homePage client side logic\nvar signup = require(\'../../components/homePage/view\');\n\n\n// page client side logic\ndocument.getElementsByTagName(\'h2\')[0].innerText = (\'how you doing?\');\n```\n## Gulp support ##\n\nZetam has a helper that automatically compile JS and CSS into the **public** directory:\n\n```js\n// gulpfile.js (example)\nvar gulp = require(\'gulp\');\nvar z = require(\'zetam\');\n\n// this creates a zetam task\nz.gulp(gulp);\n\n// set the zetam task as the default\ngulp.task(\'default\', [\'zetam\']);\n```\n\n\nQuick look (example project)\n--------------------\n\n - **project** (main dir)\n     - app.js (has Express app and setup zetam middleware)\n     - **components**\n         - **header**\n             - controller.js - (server-side logic, create model for the template)\n             - i18n.js - (has i18n texts)\n             - template.html - (default template file, it render model that comes from the controller and i18n)\n             - styles.less - (has css for the component)\n             - view.js - (browserify module, clientside logic)\n     - **pages**\n         - **index** (home page)\n             - controller.js - (server side logic and model setup)\n             - i18n.js - (has i18n texts)\n             - template.html - (default template file, it render model that comes from the controller and i18n)\n             - bundle.less - (has css for the page and call all the components less stylesheets)\n             - view.js - (has the page client-side logic and call all the view.js files from components an initialize these)\n     - **public** (statics folder)\n         - **css**\n             - **components**\n                 - header.css - (compiled css from the component, is used to preview)\n             - **pages**\n                 - index.css - (compiled from bundle.less it\'s used from the index template)\n         - **js**\n             - **components**\n                 - header.js - (compiled js from the component, is used to preview)\n             - **pages**\n                 - index.js - (compiled from view.js it\'s used from the index template it has all the client-side logix for the page. including components initialization)\n         - gulpfile.js - (it use the zetam.gulp process in order to generate static assets (js and css))',
52 silly publish   bugs: { url: 'https://github.com/qzapaia/zetam/issues' },
52 silly publish   homepage: 'https://github.com/qzapaia/zetam',
52 silly publish   _id: 'zetam@0.2.28',
52 silly publish   _shasum: 'c1b6f3bf52f7daf557ef551af4ffe639b84636dc',
52 silly publish   _from: '.' }
53 verbose url raw zetam
54 verbose url resolving [ 'https://registry.npmjs.org/', './zetam' ]
55 verbose url resolved https://registry.npmjs.org/zetam
56 info trying registry request attempt 1 at 10:37:01
57 http PUT https://registry.npmjs.org/zetam
58 http 403 https://registry.npmjs.org/zetam
59 verbose headers { date: 'Tue, 12 Aug 2014 13:37:03 GMT',
59 verbose headers   server: 'CouchDB/1.5.0 (Erlang OTP/R14B04)',
59 verbose headers   'content-type': 'application/json',
59 verbose headers   'cache-control': 'max-age=60',
59 verbose headers   'content-length': '10872',
59 verbose headers   'accept-ranges': 'bytes',
59 verbose headers   via: '1.1 varnish',
59 verbose headers   'x-served-by': 'cache-iad2128-IAD',
59 verbose headers   'x-cache': 'MISS',
59 verbose headers   'x-cache-hits': '0',
59 verbose headers   'x-timer': 'S1407850623.128546,VS0,VE342',
59 verbose headers   'keep-alive': 'timeout=10, max=50',
59 verbose headers   connection: 'Keep-Alive' }
60 error publish Failed PUT 403
61 error Error: forbidden cannot modify pre-existing version: 0.2.28
61 error old={"name":"zetam","description":"(In progress)","version":"0.2.28","engines":{"node":">0.10.1"},"author":{"name":"Marcelo Zapaia"},"repository":{"type":"git","url":"https://github.com/qzapaia/zetam.git"},"keywords":["express","web","framework","zeta"],"main":"index.js","license":"ISC","dependencies":{"async":"^0.9.0","cheerio":"^0.17.0","gulp":"^3.8.5","gulp-autoprefixer":"0.0.8","gulp-browserify":"^0.5.0","gulp-less":"^1.2.4","gulp-livereload":"^2.1.0","gulp-load-plugins":"^0.5.3","gulp-nodemon":"^1.0.4","gulp-plumber":"^0.6.3","gulp-rename":"^1.2.0","gulp-watch":"^0.6.8","html-minifier":"^0.6.5","mustache":"^0.8.2"},"bugs":{"url":"https://github.com/qzapaia/zetam/issues"},"homepage":"https://github.com/qzapaia/zetam","_id":"zetam@0.2.28","_shasum":"46405cf159f69c0c8c55f02ae42e72a3ce8fcce4","_from":".","_npmVersion":"1.4.9","_npmUser":{"name":"qzapaia","email":"qzapaia@gmail.com"},"maintainers":[{"name":"qzapaia","email":"qzapaia@gmail.com"}],"dist":{"shasum":"46405cf159f69c0c8c55f02ae42e72a3ce8fcce4","tarball":"http://registry.npmjs.org/zetam/-/zetam-0.2.28.tgz"}}
61 error new={"name":"zetam","description":"(In progress)","version":"0.2.28","engines":{"node":">0.10.1"},"author":{"name":"Marcelo Zapaia"},"repository":{"type":"git","url":"https://github.com/qzapaia/zetam.git"},"keywords":["express","web","framework","zeta"],"main":"index.js","license":"ISC","dependencies":{"async":"^0.9.0","cheerio":"^0.17.0","gulp":"^3.8.5","gulp-autoprefixer":"0.0.8","gulp-browserify":"^0.5.0","gulp-less":"^1.2.4","gulp-livereload":"^2.1.0","gulp-load-plugins":"^0.5.3","gulp-nodemon":"^1.0.4","gulp-plumber":"^0.6.3","gulp-rename":"^1.2.0","gulp-watch":"^0.6.8","html-minifier":"^0.6.5","mustache":"^0.8.2"},"readmeFilename":"README.md","readme":"Zetam\u000a-----\u000aZetam is a middleware for express that makes frontend development easy. It's based on two basic concepts: Pages and Components\u000a\u000aInstall\u000a-----------\u000a\u000a```sh\u000anpm install zetam\u000a```\u000a\u000aMiddleware\u000a-------------\u000a\u000a```js\u000a// app.js\u000avar z = require('zetam');\u000avar express = require('express');\u000avar app = new express();\u000a\u000aapp.use(function(req,res,next){\u000a    // this is needed for i18n\u000a    req.config.locale = 'es';\u000a    next();\u000a});\u000a\u000a// the potato\u000aapp.use(z.middleware);\u000a\u000aapp.listen(3000,function () {\u000a    console.log('running on port ' + port);\u000a});\u000a```\u000a\u000aMiddlware has several functions. The most important: routing.\u000a\u000aExample:\u000a```sh\u000aGET http://localhost:3000/myFirstPage\u000a```\u000aWill load **myFirstPage** page and execute **get** method (see https://github.com/qzapaia/zetam#pages).\u000a\u000a\u000aAlso, the middleware will transform all the pathname into an **resource** object that is passed to the page controller.\u000a\u000a```sh\u000aPOST http://localhost:3000/user/9876/post/1234\u000a```\u000aWill load **user** page, and execute **post** method (from the controller). This is how the **resource** would looks like.\u000a\u000a```js\u000a{ \u000a    name: 'user',\u000a    id: '9876',\u000a    subresource: { \u000a        name: 'post', \u000a        id: '1234' \u000a    } \u000a}\u000a```\u000a\u000areq.config\u000a----------\u000a\u000a```js\u000a// app.js\u000avar z = require('zetam');\u000avar express = require('express');\u000avar app = new express();\u000a\u000aapp.use(function(req,res,next){\u000a    // this is needed for i18n\u000a    req.config = {\u000a        locale:'es',\u000a        siteName:'mySite'\u000a    }\u000a    next();\u000a});\u000a\u000a// the potato\u000aapp.use(z.middleware);\u000a\u000aapp.listen(3000,function () {\u000a    console.log('running on port ' + port);\u000a});\u000a```\u000a\u000areq.config object is the way to send data to all pages and components. For example **req.config.locale** is used to choice the language and render i18n.json objects inside templates. Also all the req.config is passed to the pages and components controllers like the **globals** object.\u000a\u000aPages\u000a-------------\u000aPages are the initial logic piece for every URL. Each one has it own templates, server and client side logic.\u000a\u000aExample pages directory structure:\u000a\u000a - **project**\u000a     - app.js\u000a     - **pages**\u000a         - **index**\u000a         - **example**\u000a         - **products**\u000a\u000aInside each page directory, five files are needed.\u000a\u000a**project/pages/example**\u000a\u000a - controller.js\u000a - i18n.json (optional)\u000a - template.html\u000a - bundle.less\u000a - view.js\u000a\u000a```js\u000a//project/pages/example/controller.js\u000a\u000aexports.get = function (conf,cb) {\u000a\u000a    // conf: has globals object (req.config), and resource object (pathname)\u000a    // cb: callback function. It receives two parameters: error and model object (plain object to be passed to the template)\u000a    console.log(conf);\u000a    cb(null,{title:'page title'})\u000a}\u000a```\u000a\u000a```js\u000a//project/pages/example/i18n.json\u000a// Zetam will merge this two objects based on req.config.locale value (\"es\" for this example) and pass it to the template\u000a\u000a{\u000a    \"all\": {\u000a        \"greetings\": \"Howdy stranger !\",\u000a        \"bye\": \"Bye bye !!! Please come back\",\u000a    },\u000a    \"es\": {\u000a        \"greetings\": \"Hola !!\"\u000a    }\u000a}\u000a\u000a```\u000a```css\u000a// has page LESS styles, and also import all the components LESS stylesheets used on the page. It's automatically compiled to public directory (public/css/pages/example.css) if you use zetam.gulp task.\u000a\u000a@import \"components/signup/styles\";\u000a@import \"less/globals/colors\";\u000a\u000abody{\u000a    background-color:@mainColor;\u000a    font-family: sans-serif;\u000a    \u000a    header {\u000a        height: 6rem;\u000a        margin: auto;\u000a    }\u000a}\u000a```\u000a\u000a```html\u000a<!--project/pages/example/template.html-->\u000a\u000a<!DOCTYPE html>\u000a<html lang=\"es\">\u000a<head>\u000a    <link rel=\"stylesheet\" href=\"/css/pages/example.css\">\u000a    <title>{{model.title}}</title>\u000a    <!-- model object comes from controller reponse -->\u000a</head>\u000a<body data-country=\"{{i18n.locale}}\">\u000a    <header>\u000a        <h1>\u000a           {{i18n.greetings}}\u000a           <!-- This will print \"Hola !!\" -->\u000a        </h1>\u000a        <h2></h2>\u000a    </header>\u000a    \u000a    <div data-component=\"homePage\"></div>\u000a    <!-- This inject the homePage component (see Components section) -->\u000a    \u000a    <footer>\u000a        {{i18n.bye}}\u000a        <!-- This will print \"Bye bye !!! Please come back\" -->\u000a    </footer>\u000a\u000a    <script src=\"/js/pages/example.js\"></script>\u000a</body>\u000a</html>\u000a```\u000a```js\u000a// It's a browserify module, so you can import and use node modules. Also it is helpfull to import component view logic (bundle). it's also compiled by the zetam.gulp task into the public directory (public/js/pages/example.js).\u000a\u000a// importing homePage client side logic\u000avar signup = require('../../components/homePage/view');\u000a\u000a\u000a// page client side logic\u000adocument.getElementsByTagName('h2')[0].innerText = ('how you doing?');\u000a```\u000a## Gulp support ##\u000a\u000aZetam has a helper that automatically compile JS and CSS into the **public** directory:\u000a\u000a```js\u000a// gulpfile.js (example)\u000avar gulp = require('gulp');\u000avar z = require('zetam');\u000a\u000a// this creates a zetam task\u000az.gulp(gulp);\u000a\u000a// set the zetam task as the default\u000agulp.task('default', ['zetam']);\u000a```\u000a\u000a\u000aQuick look (example project)\u000a--------------------\u000a\u000a - **project** (main dir)\u000a     - app.js (has Express app and setup zetam middleware)\u000a     - **components**\u000a         - **header**\u000a             - controller.js - (server-side logic, create model for the template)\u000a             - i18n.js - (has i18n texts)\u000a             - template.html - (default template file, it render model that comes from the controller and i18n)\u000a             - styles.less - (has css for the component)\u000a             - view.js - (browserify module, clientside logic)\u000a     - **pages**\u000a         - **index** (home page)\u000a             - controller.js - (server side logic and model setup)\u000a             - i18n.js - (has i18n texts)\u000a             - template.html - (default template file, it render model that comes from the controller and i18n)\u000a             - bundle.less - (has css for the page and call all the components less stylesheets)\u000a             - view.js - (has the page client-side logic and call all the view.js files from components an initialize these)\u000a     - **public** (statics folder)\u000a         - **css**\u000a             - **components**\u000a                 - header.css - (compiled css from the component, is used to preview)\u000a             - **pages**\u000a                 - index.css - (compiled from bundle.less it's used from the index template)\u000a         - **js**\u000a             - **components**\u000a                 - header.js - (compiled js from the component, is used to preview)\u000a             - **pages**\u000a                 - index.js - (compiled from view.js it's used from the index template it has all the client-side logix for the page. including components initialization)\u000a         - gulpfile.js - (it use the zetam.gulp process in order to generate static assets (js and css))","bugs":{"url":"https://github.com/qzapaia/zetam/issues"},"homepage":"https://github.com/qzapaia/zetam","_id":"zetam@0.2.28","_shasum":"c1b6f3bf52f7daf557ef551af4ffe639b84636dc","_from":".","_npmVersion":"1.4.9","_npmUser":{"name":"qzapaia","email":"qzapaia@gmail.com"},"maintainers":[{"name":"qzapaia","email":"qzapaia@gmail.com"}],"dist":{"shasum":"c1b6f3bf52f7daf557ef551af4ffe639b84636dc","tarball":"http://registry.npmjs.org/zetam/-/zetam-0.2.28.tgz"}}: zetam
61 error     at RegClient.<anonymous> (/usr/local/lib/node_modules/npm/node_modules/npm-registry-client/lib/request.js:273:14)
61 error     at Request._callback (/usr/local/lib/node_modules/npm/node_modules/npm-registry-client/lib/request.js:211:65)
61 error     at Request.self.callback (/usr/local/lib/node_modules/npm/node_modules/request/request.js:123:22)
61 error     at Request.EventEmitter.emit (events.js:98:17)
61 error     at Request.<anonymous> (/usr/local/lib/node_modules/npm/node_modules/request/request.js:893:14)
61 error     at Request.EventEmitter.emit (events.js:117:20)
61 error     at IncomingMessage.<anonymous> (/usr/local/lib/node_modules/npm/node_modules/request/request.js:844:12)
61 error     at IncomingMessage.EventEmitter.emit (events.js:117:20)
61 error     at _stream_readable.js:919:16
61 error     at process._tickCallback (node.js:419:13)
62 error If you need help, you may report this *entire* log,
62 error including the npm and node versions, at:
62 error     <http://github.com/npm/npm/issues>
63 error System Darwin 13.1.0
64 error command "node" "/usr/local/bin/npm" "publish"
65 error cwd /Users/mzapaia/src/zetam
66 error node -v v0.10.28
67 error npm -v 1.4.9
68 verbose exit [ 1, true ]
